#
# There is insufficient memory for the Java Runtime Environment to continue.
# Native memory allocation (malloc) failed to allocate 736048 bytes for Chunk::new
# Possible reasons:
#   The system is out of physical RAM or swap space
#   The process is running with CompressedOops enabled, and the Java Heap may be blocking the growth of the native heap
# Possible solutions:
#   Reduce memory load on the system
#   Increase physical memory or swap space
#   Check if swap backing store is full
#   Decrease Java heap size (-Xmx/-Xms)
#   Decrease number of Java threads
#   Decrease Java thread stack sizes (-Xss)
#   Set larger code cache with -XX:ReservedCodeCacheSize=
#   JVM is running with Zero Based Compressed Oops mode in which the Java heap is
#     placed in the first 32GB address space. The Java Heap base address is the
#     maximum limit for the native heap growth. Please use -XX:HeapBaseMinAddress
#     to set the Java Heap base and to place the Java Heap above 32GB virtual address.
# This output file may be truncated or incomplete.
#
#  Out of Memory Error (arena.cpp:184), pid=5808, tid=29932
#
# JRE version: OpenJDK Runtime Environment Corretto-19.0.2.7.1 (19.0.2+7) (build 19.0.2+7-FR)
# Java VM: OpenJDK 64-Bit Server VM Corretto-19.0.2.7.1 (19.0.2+7-FR, mixed mode, sharing, tiered, compressed oops, compressed class ptrs, g1 gc, windows-amd64)
# No core dump will be written. Minidumps are not enabled by default on client versions of Windows
#

---------------  S U M M A R Y ------------

Command Line: -javaagent:C:\Program Files\JetBrains\IntelliJ IDEA 2024.1.1\lib\idea_rt.jar=59545:C:\Program Files\JetBrains\IntelliJ IDEA 2024.1.1\bin -Dfile.encoding=UTF-8 -Dsun.stdout.encoding=UTF-8 -Dsun.stderr.encoding=UTF-8 --module-path=C:\Users\sofia\OneDrive\Desktop\Progra3\Grupo8\Grupo12---Sofia-Palladino\target\classes -Djdk.module.main=pruebaTP pruebaTP/org.simulacion.Simulacion

Host: AMD Ryzen 7 7735HS with Radeon Graphics        , 16 cores, 27G,  Windows 11 , 64 bit Build 22621 (10.0.22621.3527)
Time: Mon Jun 10 21:55:49 2024 Hora estándar de Argentina elapsed time: 1.092739 seconds (0d 0h 0m 1s)

---------------  T H R E A D  ---------------

Current thread (0x00000190bfc09e40):  JavaThread "C2 CompilerThread0" daemon [_thread_in_native, id=29932, stack(0x0000007fecc00000,0x0000007fecd00000)]


Current CompileTask:
C2:   1092 1383       4       java.io.DataInputStream::readUTF (501 bytes)

Stack: [0x0000007fecc00000,0x0000007fecd00000]
Native frames: (J=compiled Java code, j=interpreted, Vv=VM code, C=native code)
V  [jvm.dll+0x6d034a]
V  [jvm.dll+0x880f10]
V  [jvm.dll+0x88289e]
V  [jvm.dll+0x882f43]
V  [jvm.dll+0x27b4bb]
V  [jvm.dll+0xdd792]
V  [jvm.dll+0xddb25]
V  [jvm.dll+0x3b4a5b]
V  [jvm.dll+0x37c86a]
V  [jvm.dll+0x37bc5a]
V  [jvm.dll+0x2470ef]
V  [jvm.dll+0x2465a7]
V  [jvm.dll+0x1d4bb7]
V  [jvm.dll+0x25558a]
V  [jvm.dll+0x2538d7]
V  [jvm.dll+0x8342bd]
V  [jvm.dll+0x82e2fa]
V  [jvm.dll+0x6cf0d3]
C  [ucrtbase.dll+0x29333]
C  [KERNEL32.DLL+0x1257d]
C  [ntdll.dll+0x5aa48]


---------------  P R O C E S S  ---------------

Threads class SMR info:
_java_thread_list=0x00000190d05610b0, length=23, elements={
0x00000190bb0cdcd0, 0x00000190bb0ceac0, 0x00000190bb0d18c0, 0x00000190bb0d3760,
0x00000190bb0d80b0, 0x00000190bb0da9f0, 0x00000190bfc09e40, 0x00000190bfc2c7d0,
0x00000190bfc41920, 0x00000190bfd2cbf0, 0x00000190bfd47030, 0x00000190bfe00a70,
0x00000190bfe02fc0, 0x00000190bfdf79c0, 0x00000190bfd3d5b0, 0x00000190c0012f60,
0x00000190c0018c00, 0x00000190c00220a0, 0x00000190d0245c30, 0x00000190d0274670,
0x00000190d02f26e0, 0x00000190d02f3180, 0x00000190d02f3c20
}

Java Threads: ( => current thread )
  0x00000190bb0cdcd0 JavaThread "Reference Handler" daemon [_thread_blocked, id=33036, stack(0x0000007fec600000,0x0000007fec700000)]
  0x00000190bb0ceac0 JavaThread "Finalizer" daemon [_thread_blocked, id=17504, stack(0x0000007fec700000,0x0000007fec800000)]
  0x00000190bb0d18c0 JavaThread "Signal Dispatcher" daemon [_thread_blocked, id=34744, stack(0x0000007fec800000,0x0000007fec900000)]
  0x00000190bb0d3760 JavaThread "Attach Listener" daemon [_thread_blocked, id=11972, stack(0x0000007fec900000,0x0000007feca00000)]
  0x00000190bb0d80b0 JavaThread "Service Thread" daemon [_thread_blocked, id=26824, stack(0x0000007feca00000,0x0000007fecb00000)]
  0x00000190bb0da9f0 JavaThread "Monitor Deflation Thread" daemon [_thread_blocked, id=14032, stack(0x0000007fecb00000,0x0000007fecc00000)]
=>0x00000190bfc09e40 JavaThread "C2 CompilerThread0" daemon [_thread_in_native, id=29932, stack(0x0000007fecc00000,0x0000007fecd00000)]
  0x00000190bfc2c7d0 JavaThread "C1 CompilerThread0" daemon [_thread_blocked, id=23088, stack(0x0000007fecd00000,0x0000007fece00000)]
  0x00000190bfc41920 JavaThread "Sweeper thread" daemon [_thread_blocked, id=25216, stack(0x0000007fece00000,0x0000007fecf00000)]
  0x00000190bfd2cbf0 JavaThread "Common-Cleaner" daemon [_thread_blocked, id=11656, stack(0x0000007fecf00000,0x0000007fed000000)]
  0x00000190bfd47030 JavaThread "C1 CompilerThread1" daemon [_thread_blocked, id=21092, stack(0x0000007fed000000,0x0000007fed100000)]
  0x00000190bfe00a70 JavaThread "Monitor Ctrl-Break" daemon [_thread_in_native, id=14540, stack(0x0000007fed100000,0x0000007fed200000)]
  0x00000190bfe02fc0 JavaThread "Notification Thread" daemon [_thread_blocked, id=28700, stack(0x0000007fed200000,0x0000007fed300000)]
  0x00000190bfdf79c0 JavaThread "C1 CompilerThread2" daemon [_thread_blocked, id=26928, stack(0x0000007fed400000,0x0000007fed500000)]
  0x00000190bfd3d5b0 JavaThread "Thread-0" [_thread_blocked, id=31984, stack(0x0000007fed500000,0x0000007fed600000)]
  0x00000190c0012f60 JavaThread "Java2D Disposer" daemon [_thread_blocked, id=29488, stack(0x0000007fed600000,0x0000007fed700000)]
  0x00000190c0018c00 JavaThread "AWT-Shutdown" [_thread_blocked, id=19988, stack(0x0000007fed700000,0x0000007fed800000)]
  0x00000190c00220a0 JavaThread "AWT-Windows" daemon [_thread_in_vm, id=10576, stack(0x0000007fed800000,0x0000007fed900000)]
  0x00000190d0245c30 JavaThread "Image Fetcher 0" daemon [_thread_blocked, id=29612, stack(0x0000007fee900000,0x0000007feea00000)]
  0x00000190d0274670 JavaThread "AWT-EventQueue-0" [_thread_in_Java, id=34288, stack(0x0000007feea00000,0x0000007feeb00000)]
  0x00000190d02f26e0 JavaThread "Thread-3" [_thread_blocked, id=21052, stack(0x0000007feeb00000,0x0000007feec00000)]
  0x00000190d02f3180 JavaThread "D3D Screen Updater" daemon [_thread_blocked, id=17092, stack(0x0000007feec00000,0x0000007feed00000)]
  0x00000190d02f3c20 JavaThread "DestroyJavaVM" [_thread_blocked, id=19600, stack(0x0000007febf00000,0x0000007fec000000)]

Other Threads:
  0x00000190bb0b97a0 VMThread "VM Thread" [stack: 0x0000007fec500000,0x0000007fec600000] [id=30068]
  0x00000190bfe4e3f0 WatcherThread "VM Periodic Task Thread" [stack: 0x0000007fed300000,0x0000007fed400000] [id=34280]
  0x00000190907d7350 WorkerThread "GC Thread#0" [stack: 0x0000007fec000000,0x0000007fec100000] [id=27260]
  0x00000190907e5e50 ConcurrentGCThread "G1 Main Marker" [stack: 0x0000007fec100000,0x0000007fec200000] [id=9712]
  0x00000190907e6880 WorkerThread "G1 Conc#0" [stack: 0x0000007fec200000,0x0000007fec300000] [id=17572]
  0x00000190baf72640 ConcurrentGCThread "G1 Refine#0" [stack: 0x0000007fec300000,0x0000007fec400000] [id=29440]
  0x00000190baf73180 ConcurrentGCThread "G1 Service" [stack: 0x0000007fec400000,0x0000007fec500000] [id=21496]

Threads with active compile tasks:
C2 CompilerThread0     1114 1383       4       java.io.DataInputStream::readUTF (501 bytes)

VM state: not at safepoint (normal execution)

VM Mutex/Monitor currently owned by a thread: None

Heap address: 0x0000000644c00000, size: 7092 MB, Compressed Oops mode: Zero based, Oop shift amount: 3

CDS archive(s) mapped at: [0x0000000800000000-0x0000000800c40000-0x0000000800c40000), size 12845056, SharedBaseAddress: 0x0000000800000000, ArchiveRelocationMode: 0.
Compressed class space mapped at: 0x0000000801000000-0x0000000841000000, reserved size: 1073741824
Narrow klass base: 0x0000000800000000, Narrow klass shift: 0, Narrow klass range: 0x100000000

GC Precious Log:
 CardTable entry size: 512
 Card Set container configuration: InlinePtr #cards 4 size 8 Array Of Cards #cards 32 size 80 Howl #buckets 8 coarsen threshold 7372 Howl Bitmap #cards 1024 size 144 coarsen threshold 921 Card regions per heap region 1 cards per card region 8192
 CPUs: 16 total, 16 available
 Memory: 28357M
 Large Page Support: Disabled
 NUMA Support: Disabled
 Compressed Oops: Enabled (Zero based)
 Heap Region Size: 4M
 Heap Min Capacity: 8M
 Heap Initial Capacity: 444M
 Heap Max Capacity: 7092M
 Pre-touch: Disabled
 Parallel Workers: 13
 Concurrent Workers: 3
 Concurrent Refinement Workers: 13
 Periodic GC: Disabled

Heap:
 garbage-first heap   total 454656K, used 12288K [0x0000000644c00000, 0x0000000800000000)
  region size 4096K, 4 young (16384K), 0 survivors (0K)
 Metaspace       used 11304K, committed 11584K, reserved 1114112K
  class space    used 1255K, committed 1408K, reserved 1048576K

Heap Regions: E=young(eden), S=young(survivor), O=old, HS=humongous(starts), HC=humongous(continues), CS=collection set, F=free, OA=open archive, CA=closed archive, TAMS=top-at-mark-start (previous, next)
|   0|0x0000000644c00000, 0x0000000644c00000, 0x0000000645000000|  0%| F|  |TAMS 0x0000000644c00000, 0x0000000644c00000| Untracked 
|   1|0x0000000645000000, 0x0000000645000000, 0x0000000645400000|  0%| F|  |TAMS 0x0000000645000000, 0x0000000645000000| Untracked 
|   2|0x0000000645400000, 0x0000000645400000, 0x0000000645800000|  0%| F|  |TAMS 0x0000000645400000, 0x0000000645400000| Untracked 
|   3|0x0000000645800000, 0x0000000645800000, 0x0000000645c00000|  0%| F|  |TAMS 0x0000000645800000, 0x0000000645800000| Untracked 
|   4|0x0000000645c00000, 0x0000000645c00000, 0x0000000646000000|  0%| F|  |TAMS 0x0000000645c00000, 0x0000000645c00000| Untracked 
|   5|0x0000000646000000, 0x0000000646000000, 0x0000000646400000|  0%| F|  |TAMS 0x0000000646000000, 0x0000000646000000| Untracked 
|   6|0x0000000646400000, 0x0000000646400000, 0x0000000646800000|  0%| F|  |TAMS 0x0000000646400000, 0x0000000646400000| Untracked 
|   7|0x0000000646800000, 0x0000000646800000, 0x0000000646c00000|  0%| F|  |TAMS 0x0000000646800000, 0x0000000646800000| Untracked 
|   8|0x0000000646c00000, 0x0000000646c00000, 0x0000000647000000|  0%| F|  |TAMS 0x0000000646c00000, 0x0000000646c00000| Untracked 
|   9|0x0000000647000000, 0x0000000647000000, 0x0000000647400000|  0%| F|  |TAMS 0x0000000647000000, 0x0000000647000000| Untracked 
|  10|0x0000000647400000, 0x0000000647400000, 0x0000000647800000|  0%| F|  |TAMS 0x0000000647400000, 0x0000000647400000| Untracked 
|  11|0x0000000647800000, 0x0000000647800000, 0x0000000647c00000|  0%| F|  |TAMS 0x0000000647800000, 0x0000000647800000| Untracked 
|  12|0x0000000647c00000, 0x0000000647c00000, 0x0000000648000000|  0%| F|  |TAMS 0x0000000647c00000, 0x0000000647c00000| Untracked 
|  13|0x0000000648000000, 0x0000000648000000, 0x0000000648400000|  0%| F|  |TAMS 0x0000000648000000, 0x0000000648000000| Untracked 
|  14|0x0000000648400000, 0x0000000648400000, 0x0000000648800000|  0%| F|  |TAMS 0x0000000648400000, 0x0000000648400000| Untracked 
|  15|0x0000000648800000, 0x0000000648800000, 0x0000000648c00000|  0%| F|  |TAMS 0x0000000648800000, 0x0000000648800000| Untracked 
|  16|0x0000000648c00000, 0x0000000648c00000, 0x0000000649000000|  0%| F|  |TAMS 0x0000000648c00000, 0x0000000648c00000| Untracked 
|  17|0x0000000649000000, 0x0000000649000000, 0x0000000649400000|  0%| F|  |TAMS 0x0000000649000000, 0x0000000649000000| Untracked 
|  18|0x0000000649400000, 0x0000000649400000, 0x0000000649800000|  0%| F|  |TAMS 0x0000000649400000, 0x0000000649400000| Untracked 
|  19|0x0000000649800000, 0x0000000649800000, 0x0000000649c00000|  0%| F|  |TAMS 0x0000000649800000, 0x0000000649800000| Untracked 
|  20|0x0000000649c00000, 0x0000000649c00000, 0x000000064a000000|  0%| F|  |TAMS 0x0000000649c00000, 0x0000000649c00000| Untracked 
|  21|0x000000064a000000, 0x000000064a000000, 0x000000064a400000|  0%| F|  |TAMS 0x000000064a000000, 0x000000064a000000| Untracked 
|  22|0x000000064a400000, 0x000000064a400000, 0x000000064a800000|  0%| F|  |TAMS 0x000000064a400000, 0x000000064a400000| Untracked 
|  23|0x000000064a800000, 0x000000064a800000, 0x000000064ac00000|  0%| F|  |TAMS 0x000000064a800000, 0x000000064a800000| Untracked 
|  24|0x000000064ac00000, 0x000000064ac00000, 0x000000064b000000|  0%| F|  |TAMS 0x000000064ac00000, 0x000000064ac00000| Untracked 
|  25|0x000000064b000000, 0x000000064b000000, 0x000000064b400000|  0%| F|  |TAMS 0x000000064b000000, 0x000000064b000000| Untracked 
|  26|0x000000064b400000, 0x000000064b400000, 0x000000064b800000|  0%| F|  |TAMS 0x000000064b400000, 0x000000064b400000| Untracked 
|  27|0x000000064b800000, 0x000000064b800000, 0x000000064bc00000|  0%| F|  |TAMS 0x000000064b800000, 0x000000064b800000| Untracked 
|  28|0x000000064bc00000, 0x000000064bc00000, 0x000000064c000000|  0%| F|  |TAMS 0x000000064bc00000, 0x000000064bc00000| Untracked 
|  29|0x000000064c000000, 0x000000064c000000, 0x000000064c400000|  0%| F|  |TAMS 0x000000064c000000, 0x000000064c000000| Untracked 
|  30|0x000000064c400000, 0x000000064c400000, 0x000000064c800000|  0%| F|  |TAMS 0x000000064c400000, 0x000000064c400000| Untracked 
|  31|0x000000064c800000, 0x000000064c800000, 0x000000064cc00000|  0%| F|  |TAMS 0x000000064c800000, 0x000000064c800000| Untracked 
|  32|0x000000064cc00000, 0x000000064cc00000, 0x000000064d000000|  0%| F|  |TAMS 0x000000064cc00000, 0x000000064cc00000| Untracked 
|  33|0x000000064d000000, 0x000000064d000000, 0x000000064d400000|  0%| F|  |TAMS 0x000000064d000000, 0x000000064d000000| Untracked 
|  34|0x000000064d400000, 0x000000064d400000, 0x000000064d800000|  0%| F|  |TAMS 0x000000064d400000, 0x000000064d400000| Untracked 
|  35|0x000000064d800000, 0x000000064d800000, 0x000000064dc00000|  0%| F|  |TAMS 0x000000064d800000, 0x000000064d800000| Untracked 
|  36|0x000000064dc00000, 0x000000064dc00000, 0x000000064e000000|  0%| F|  |TAMS 0x000000064dc00000, 0x000000064dc00000| Untracked 
|  37|0x000000064e000000, 0x000000064e000000, 0x000000064e400000|  0%| F|  |TAMS 0x000000064e000000, 0x000000064e000000| Untracked 
|  38|0x000000064e400000, 0x000000064e400000, 0x000000064e800000|  0%| F|  |TAMS 0x000000064e400000, 0x000000064e400000| Untracked 
|  39|0x000000064e800000, 0x000000064e800000, 0x000000064ec00000|  0%| F|  |TAMS 0x000000064e800000, 0x000000064e800000| Untracked 
|  40|0x000000064ec00000, 0x000000064ec00000, 0x000000064f000000|  0%| F|  |TAMS 0x000000064ec00000, 0x000000064ec00000| Untracked 
|  41|0x000000064f000000, 0x000000064f000000, 0x000000064f400000|  0%| F|  |TAMS 0x000000064f000000, 0x000000064f000000| Untracked 
|  42|0x000000064f400000, 0x000000064f400000, 0x000000064f800000|  0%| F|  |TAMS 0x000000064f400000, 0x000000064f400000| Untracked 
|  43|0x000000064f800000, 0x000000064f800000, 0x000000064fc00000|  0%| F|  |TAMS 0x000000064f800000, 0x000000064f800000| Untracked 
|  44|0x000000064fc00000, 0x000000064fc00000, 0x0000000650000000|  0%| F|  |TAMS 0x000000064fc00000, 0x000000064fc00000| Untracked 
|  45|0x0000000650000000, 0x0000000650000000, 0x0000000650400000|  0%| F|  |TAMS 0x0000000650000000, 0x0000000650000000| Untracked 
|  46|0x0000000650400000, 0x0000000650400000, 0x0000000650800000|  0%| F|  |TAMS 0x0000000650400000, 0x0000000650400000| Untracked 
|  47|0x0000000650800000, 0x0000000650800000, 0x0000000650c00000|  0%| F|  |TAMS 0x0000000650800000, 0x0000000650800000| Untracked 
|  48|0x0000000650c00000, 0x0000000650c00000, 0x0000000651000000|  0%| F|  |TAMS 0x0000000650c00000, 0x0000000650c00000| Untracked 
|  49|0x0000000651000000, 0x0000000651000000, 0x0000000651400000|  0%| F|  |TAMS 0x0000000651000000, 0x0000000651000000| Untracked 
|  50|0x0000000651400000, 0x0000000651400000, 0x0000000651800000|  0%| F|  |TAMS 0x0000000651400000, 0x0000000651400000| Untracked 
|  51|0x0000000651800000, 0x0000000651800000, 0x0000000651c00000|  0%| F|  |TAMS 0x0000000651800000, 0x0000000651800000| Untracked 
|  52|0x0000000651c00000, 0x0000000651c00000, 0x0000000652000000|  0%| F|  |TAMS 0x0000000651c00000, 0x0000000651c00000| Untracked 
|  53|0x0000000652000000, 0x0000000652000000, 0x0000000652400000|  0%| F|  |TAMS 0x0000000652000000, 0x0000000652000000| Untracked 
|  54|0x0000000652400000, 0x0000000652400000, 0x0000000652800000|  0%| F|  |TAMS 0x0000000652400000, 0x0000000652400000| Untracked 
|  55|0x0000000652800000, 0x0000000652800000, 0x0000000652c00000|  0%| F|  |TAMS 0x0000000652800000, 0x0000000652800000| Untracked 
|  56|0x0000000652c00000, 0x0000000652c00000, 0x0000000653000000|  0%| F|  |TAMS 0x0000000652c00000, 0x0000000652c00000| Untracked 
|  57|0x0000000653000000, 0x0000000653000000, 0x0000000653400000|  0%| F|  |TAMS 0x0000000653000000, 0x0000000653000000| Untracked 
|  58|0x0000000653400000, 0x0000000653400000, 0x0000000653800000|  0%| F|  |TAMS 0x0000000653400000, 0x0000000653400000| Untracked 
|  59|0x0000000653800000, 0x0000000653800000, 0x0000000653c00000|  0%| F|  |TAMS 0x0000000653800000, 0x0000000653800000| Untracked 
|  60|0x0000000653c00000, 0x0000000653c00000, 0x0000000654000000|  0%| F|  |TAMS 0x0000000653c00000, 0x0000000653c00000| Untracked 
|  61|0x0000000654000000, 0x0000000654000000, 0x0000000654400000|  0%| F|  |TAMS 0x0000000654000000, 0x0000000654000000| Untracked 
|  62|0x0000000654400000, 0x0000000654400000, 0x0000000654800000|  0%| F|  |TAMS 0x0000000654400000, 0x0000000654400000| Untracked 
|  63|0x0000000654800000, 0x0000000654800000, 0x0000000654c00000|  0%| F|  |TAMS 0x0000000654800000, 0x0000000654800000| Untracked 
|  64|0x0000000654c00000, 0x0000000654c00000, 0x0000000655000000|  0%| F|  |TAMS 0x0000000654c00000, 0x0000000654c00000| Untracked 
|  65|0x0000000655000000, 0x0000000655000000, 0x0000000655400000|  0%| F|  |TAMS 0x0000000655000000, 0x0000000655000000| Untracked 
|  66|0x0000000655400000, 0x0000000655400000, 0x0000000655800000|  0%| F|  |TAMS 0x0000000655400000, 0x0000000655400000| Untracked 
|  67|0x0000000655800000, 0x0000000655800000, 0x0000000655c00000|  0%| F|  |TAMS 0x0000000655800000, 0x0000000655800000| Untracked 
|  68|0x0000000655c00000, 0x0000000655c00000, 0x0000000656000000|  0%| F|  |TAMS 0x0000000655c00000, 0x0000000655c00000| Untracked 
|  69|0x0000000656000000, 0x0000000656000000, 0x0000000656400000|  0%| F|  |TAMS 0x0000000656000000, 0x0000000656000000| Untracked 
|  70|0x0000000656400000, 0x0000000656400000, 0x0000000656800000|  0%| F|  |TAMS 0x0000000656400000, 0x0000000656400000| Untracked 
|  71|0x0000000656800000, 0x0000000656800000, 0x0000000656c00000|  0%| F|  |TAMS 0x0000000656800000, 0x0000000656800000| Untracked 
|  72|0x0000000656c00000, 0x0000000656c00000, 0x0000000657000000|  0%| F|  |TAMS 0x0000000656c00000, 0x0000000656c00000| Untracked 
|  73|0x0000000657000000, 0x0000000657000000, 0x0000000657400000|  0%| F|  |TAMS 0x0000000657000000, 0x0000000657000000| Untracked 
|  74|0x0000000657400000, 0x0000000657400000, 0x0000000657800000|  0%| F|  |TAMS 0x0000000657400000, 0x0000000657400000| Untracked 
|  75|0x0000000657800000, 0x0000000657800000, 0x0000000657c00000|  0%| F|  |TAMS 0x0000000657800000, 0x0000000657800000| Untracked 
|  76|0x0000000657c00000, 0x0000000657c00000, 0x0000000658000000|  0%| F|  |TAMS 0x0000000657c00000, 0x0000000657c00000| Untracked 
|  77|0x0000000658000000, 0x0000000658000000, 0x0000000658400000|  0%| F|  |TAMS 0x0000000658000000, 0x0000000658000000| Untracked 
|  78|0x0000000658400000, 0x0000000658400000, 0x0000000658800000|  0%| F|  |TAMS 0x0000000658400000, 0x0000000658400000| Untracked 
|  79|0x0000000658800000, 0x0000000658800000, 0x0000000658c00000|  0%| F|  |TAMS 0x0000000658800000, 0x0000000658800000| Untracked 
|  80|0x0000000658c00000, 0x0000000658c00000, 0x0000000659000000|  0%| F|  |TAMS 0x0000000658c00000, 0x0000000658c00000| Untracked 
|  81|0x0000000659000000, 0x0000000659000000, 0x0000000659400000|  0%| F|  |TAMS 0x0000000659000000, 0x0000000659000000| Untracked 
|  82|0x0000000659400000, 0x0000000659400000, 0x0000000659800000|  0%| F|  |TAMS 0x0000000659400000, 0x0000000659400000| Untracked 
|  83|0x0000000659800000, 0x0000000659800000, 0x0000000659c00000|  0%| F|  |TAMS 0x0000000659800000, 0x0000000659800000| Untracked 
|  84|0x0000000659c00000, 0x0000000659c00000, 0x000000065a000000|  0%| F|  |TAMS 0x0000000659c00000, 0x0000000659c00000| Untracked 
|  85|0x000000065a000000, 0x000000065a000000, 0x000000065a400000|  0%| F|  |TAMS 0x000000065a000000, 0x000000065a000000| Untracked 
|  86|0x000000065a400000, 0x000000065a400000, 0x000000065a800000|  0%| F|  |TAMS 0x000000065a400000, 0x000000065a400000| Untracked 
|  87|0x000000065a800000, 0x000000065a800000, 0x000000065ac00000|  0%| F|  |TAMS 0x000000065a800000, 0x000000065a800000| Untracked 
|  88|0x000000065ac00000, 0x000000065ac00000, 0x000000065b000000|  0%| F|  |TAMS 0x000000065ac00000, 0x000000065ac00000| Untracked 
|  89|0x000000065b000000, 0x000000065b000000, 0x000000065b400000|  0%| F|  |TAMS 0x000000065b000000, 0x000000065b000000| Untracked 
|  90|0x000000065b400000, 0x000000065b400000, 0x000000065b800000|  0%| F|  |TAMS 0x000000065b400000, 0x000000065b400000| Untracked 
|  91|0x000000065b800000, 0x000000065b800000, 0x000000065bc00000|  0%| F|  |TAMS 0x000000065b800000, 0x000000065b800000| Untracked 
|  92|0x000000065bc00000, 0x000000065bc00000, 0x000000065c000000|  0%| F|  |TAMS 0x000000065bc00000, 0x000000065bc00000| Untracked 
|  93|0x000000065c000000, 0x000000065c000000, 0x000000065c400000|  0%| F|  |TAMS 0x000000065c000000, 0x000000065c000000| Untracked 
|  94|0x000000065c400000, 0x000000065c400000, 0x000000065c800000|  0%| F|  |TAMS 0x000000065c400000, 0x000000065c400000| Untracked 
|  95|0x000000065c800000, 0x000000065c800000, 0x000000065cc00000|  0%| F|  |TAMS 0x000000065c800000, 0x000000065c800000| Untracked 
|  96|0x000000065cc00000, 0x000000065cc00000, 0x000000065d000000|  0%| F|  |TAMS 0x000000065cc00000, 0x000000065cc00000| Untracked 
|  97|0x000000065d000000, 0x000000065d000000, 0x000000065d400000|  0%| F|  |TAMS 0x000000065d000000, 0x000000065d000000| Untracked 
|  98|0x000000065d400000, 0x000000065d400000, 0x000000065d800000|  0%| F|  |TAMS 0x000000065d400000, 0x000000065d400000| Untracked 
|  99|0x000000065d800000, 0x000000065d800000, 0x000000065dc00000|  0%| F|  |TAMS 0x000000065d800000, 0x000000065d800000| Untracked 
| 100|0x000000065dc00000, 0x000000065dc00000, 0x000000065e000000|  0%| F|  |TAMS 0x000000065dc00000, 0x000000065dc00000| Untracked 
| 101|0x000000065e000000, 0x000000065e000000, 0x000000065e400000|  0%| F|  |TAMS 0x000000065e000000, 0x000000065e000000| Untracked 
| 102|0x000000065e400000, 0x000000065e400000, 0x000000065e800000|  0%| F|  |TAMS 0x000000065e400000, 0x000000065e400000| Untracked 
| 103|0x000000065e800000, 0x000000065e800000, 0x000000065ec00000|  0%| F|  |TAMS 0x000000065e800000, 0x000000065e800000| Untracked 
| 104|0x000000065ec00000, 0x000000065ec00000, 0x000000065f000000|  0%| F|  |TAMS 0x000000065ec00000, 0x000000065ec00000| Untracked 
| 105|0x000000065f000000, 0x000000065f000000, 0x000000065f400000|  0%| F|  |TAMS 0x000000065f000000, 0x000000065f000000| Untracked 
| 106|0x000000065f400000, 0x000000065f400000, 0x000000065f800000|  0%| F|  |TAMS 0x000000065f400000, 0x000000065f400000| Untracked 
| 107|0x000000065f800000, 0x000000065fa66fc8, 0x000000065fc00000| 60%| E|  |TAMS 0x000000065f800000, 0x000000065f800000| Complete 
| 108|0x000000065fc00000, 0x0000000660000000, 0x0000000660000000|100%| E|CS|TAMS 0x000000065fc00000, 0x000000065fc00000| Complete 
| 109|0x0000000660000000, 0x0000000660400000, 0x0000000660400000|100%| E|CS|TAMS 0x0000000660000000, 0x0000000660000000| Complete 
| 110|0x0000000660400000, 0x0000000660800000, 0x0000000660800000|100%| E|CS|TAMS 0x0000000660400000, 0x0000000660400000| Complete 

Card table byte_map: [0x00000190a8f80000,0x00000190a9d60000] _byte_map_base: 0x00000190a5d5a000

Marking Bits (Prev, Next): (CMBitMap*) 0x00000190907d7790, (CMBitMap*) 0x00000190907d77d0
 Prev Bits: [0x00000190aab40000, 0x00000190b1a10000)
 Next Bits: [0x00000190b1a10000, 0x00000190b88e0000)

Polling page: 0x000001908ff00000

Metaspace:

Usage:
  Non-class:      9.81 MB used.
      Class:      1.23 MB used.
       Both:     11.04 MB used.

Virtual space:
  Non-class space:       64.00 MB reserved,       9.94 MB ( 16%) committed,  1 nodes.
      Class space:        1.00 GB reserved,       1.38 MB ( <1%) committed,  1 nodes.
             Both:        1.06 GB reserved,      11.31 MB (  1%) committed. 

Chunk freelists:
   Non-Class:  2.09 MB
       Class:  2.61 MB
        Both:  4.70 MB

MaxMetaspaceSize: unlimited
CompressedClassSpaceSize: 1.00 GB
Initial GC threshold: 21.00 MB
Current GC threshold: 21.00 MB
CDS: on
MetaspaceReclaimPolicy: balanced
 - commit_granule_bytes: 65536.
 - commit_granule_words: 8192.
 - virtual_space_node_default_size: 8388608.
 - enlarge_chunks_in_place: 1.
 - new_chunks_are_fully_committed: 0.
 - uncommit_free_chunks: 1.
 - use_allocation_guard: 0.


Internal statistics:

num_allocs_failed_limit: 0.
num_arena_births: 210.
num_arena_deaths: 0.
num_vsnodes_births: 2.
num_vsnodes_deaths: 0.
num_space_committed: 181.
num_space_uncommitted: 0.
num_chunks_returned_to_freelist: 0.
num_chunks_taken_from_freelist: 259.
num_chunk_merges: 0.
num_chunk_splits: 168.
num_chunks_enlarged: 101.
num_inconsistent_stats: 0.

CodeHeap 'non-profiled nmethods': size=119168Kb used=375Kb max_used=375Kb free=118792Kb
 bounds [0x00000190a04c0000, 0x00000190a0730000, 0x00000190a7920000]
CodeHeap 'profiled nmethods': size=119104Kb used=2189Kb max_used=2189Kb free=116914Kb
 bounds [0x0000019098920000, 0x0000019098b90000, 0x000001909fd70000]
CodeHeap 'non-nmethods': size=7488Kb used=2534Kb max_used=2550Kb free=4953Kb
 bounds [0x000001909fd70000, 0x000001909fff0000, 0x00000190a04c0000]
 total_blobs=2072 nmethods=1407 adapters=574
 compilation: enabled
              stopped_count=0, restarted_count=0
 full_count=0

Compilation events (20 events):
Event: 1.055 Thread 0x00000190bfc2c7d0 nmethod 1402 0x0000019098b3f190 code [0x0000019098b3f340, 0x0000019098b3f518]
Event: 1.055 Thread 0x00000190bfd47030 nmethod 1401 0x0000019098b3f590 code [0x0000019098b3f760, 0x0000019098b3fa98]
Event: 1.057 Thread 0x00000190bfc09e40 nmethod 1376 0x00000190a051bb90 code [0x00000190a051bd60, 0x00000190a051c558]
Event: 1.057 Thread 0x00000190bfc09e40 1395       4       java.io.DataInputStream::readByte (23 bytes)
Event: 1.057 Thread 0x00000190bfd47030 1403       1       sun.util.locale.BaseLocale::getRegion (5 bytes)
Event: 1.057 Thread 0x00000190bfd47030 nmethod 1403 0x00000190a051cb90 code [0x00000190a051cd20, 0x00000190a051cdf8]
Event: 1.059 Thread 0x00000190bfdf79c0 1404       3       java.lang.invoke.LambdaForm::useCount (61 bytes)
Event: 1.059 Thread 0x00000190bfdf79c0 nmethod 1404 0x0000019098b3fb90 code [0x0000019098b3fd60, 0x0000019098b400c8]
Event: 1.060 Thread 0x00000190bfdf79c0 1405       1       java.util.concurrent.ConcurrentHashMap$MapEntry::getKey (5 bytes)
Event: 1.061 Thread 0x00000190bfdf79c0 nmethod 1405 0x00000190a051ce90 code [0x00000190a051d020, 0x00000190a051d0f8]
Event: 1.061 Thread 0x00000190bfd47030 1406       3       java.util.Map$Entry$$Lambda$162/0x0000000801163ea8::compare (12 bytes)
Event: 1.061 Thread 0x00000190bfc2c7d0 1407       3       java.util.Map$Entry::lambda$comparingByKey$bbdbfea9$1 (21 bytes)
Event: 1.061 Thread 0x00000190bfc2c7d0 nmethod 1407 0x0000019098b40290 code [0x0000019098b40460, 0x0000019098b408c8]
Event: 1.061 Thread 0x00000190bfd47030 nmethod 1406 0x0000019098b40a10 code [0x0000019098b40c00, 0x0000019098b41308]
Event: 1.063 Thread 0x00000190bfc09e40 nmethod 1395 0x00000190a051d190 code [0x00000190a051d380, 0x00000190a051da40]
Event: 1.063 Thread 0x00000190bfc09e40 1383       4       java.io.DataInputStream::readUTF (501 bytes)
Event: 1.074 Thread 0x00000190bfd47030 1408       3       java.awt.Container::getMouseEventTarget (50 bytes)
Event: 1.074 Thread 0x00000190bfc2c7d0 1409   !   3       java.awt.Container::getMouseEventTargetImpl (255 bytes)
Event: 1.075 Thread 0x00000190bfd47030 nmethod 1408 0x0000019098b41490 code [0x0000019098b41640, 0x0000019098b41918]
Event: 1.075 Thread 0x00000190bfc2c7d0 nmethod 1409 0x0000019098b41a10 code [0x0000019098b41cc0, 0x0000019098b43048]

GC Heap History (0 events):
No events

Dll operation events (12 events):
Event: 0.008 Loaded shared library C:\Users\sofia\.jdks\corretto-19.0.2\bin\java.dll
Event: 0.017 Loaded shared library C:\Users\sofia\.jdks\corretto-19.0.2\bin\jsvml.dll
Event: 0.053 Loaded shared library C:\Users\sofia\.jdks\corretto-19.0.2\bin\net.dll
Event: 0.055 Loaded shared library C:\Users\sofia\.jdks\corretto-19.0.2\bin\nio.dll
Event: 0.097 Loaded shared library C:\Users\sofia\.jdks\corretto-19.0.2\bin\zip.dll
Event: 0.099 Loaded shared library C:\Users\sofia\.jdks\corretto-19.0.2\bin\instrument.dll
Event: 0.103 Loaded shared library C:\Users\sofia\.jdks\corretto-19.0.2\bin\zip.dll
Event: 0.110 Loaded shared library C:\Program Files\JetBrains\IntelliJ IDEA 2024.1.1\bin\breakgen64.dll
Event: 0.136 Loaded shared library C:\Users\sofia\.jdks\corretto-19.0.2\bin\jimage.dll
Event: 0.150 Loaded shared library C:\Users\sofia\.jdks\corretto-19.0.2\bin\awt.dll
Event: 0.476 Loaded shared library C:\Users\sofia\.jdks\corretto-19.0.2\bin\freetype.dll
Event: 0.477 Loaded shared library C:\Users\sofia\.jdks\corretto-19.0.2\bin\fontmanager.dll

Deoptimization events (20 events):
Event: 0.693 Thread 0x000001909073be20 Uncommon trap: trap_request=0xffffffde fr.pc=0x00000190a04ed320 relative=0x0000000000000600
Event: 0.693 Thread 0x000001909073be20 Uncommon trap: reason=class_check action=maybe_recompile pc=0x00000190a04ed320 method=java.util.HashMap.putVal(ILjava/lang/Object;Ljava/lang/Object;ZZ)Ljava/lang/Object; @ 253 c2
Event: 0.693 Thread 0x000001909073be20 DEOPT PACKING pc=0x00000190a04ed320 sp=0x0000007febffe570
Event: 0.693 Thread 0x000001909073be20 DEOPT UNPACKING pc=0x000001909fdd6da3 sp=0x0000007febffe510 mode 2
Event: 1.053 Thread 0x00000190bb0d3760 Uncommon trap: trap_request=0xffffffde fr.pc=0x00000190a050cb60 relative=0x0000000000000380
Event: 1.053 Thread 0x00000190bb0d3760 Uncommon trap: reason=class_check action=maybe_recompile pc=0x00000190a050cb60 method=java.io.DataInputStream.readByte()B @ 4 c2
Event: 1.053 Thread 0x00000190bb0d3760 DEOPT PACKING pc=0x00000190a050cb60 sp=0x0000007fec9fe3f0
Event: 1.053 Thread 0x00000190bb0d3760 DEOPT UNPACKING pc=0x000001909fdd6da3 sp=0x0000007fec9fe3b8 mode 2
Event: 1.053 Thread 0x00000190bb0d3760 Uncommon trap: trap_request=0xffffffde fr.pc=0x00000190a050cb60 relative=0x0000000000000380
Event: 1.053 Thread 0x00000190bb0d3760 Uncommon trap: reason=class_check action=maybe_recompile pc=0x00000190a050cb60 method=java.io.DataInputStream.readByte()B @ 4 c2
Event: 1.053 Thread 0x00000190bb0d3760 DEOPT PACKING pc=0x00000190a050cb60 sp=0x0000007fec9fe250
Event: 1.053 Thread 0x00000190bb0d3760 DEOPT UNPACKING pc=0x000001909fdd6da3 sp=0x0000007fec9fe218 mode 2
Event: 1.053 Thread 0x00000190bb0d3760 Uncommon trap: trap_request=0xffffffde fr.pc=0x00000190a050cb60 relative=0x0000000000000380
Event: 1.053 Thread 0x00000190bb0d3760 Uncommon trap: reason=class_check action=maybe_recompile pc=0x00000190a050cb60 method=java.io.DataInputStream.readByte()B @ 4 c2
Event: 1.053 Thread 0x00000190bb0d3760 DEOPT PACKING pc=0x00000190a050cb60 sp=0x0000007fec9fe250
Event: 1.053 Thread 0x00000190bb0d3760 DEOPT UNPACKING pc=0x000001909fdd6da3 sp=0x0000007fec9fe218 mode 2
Event: 1.053 Thread 0x00000190bb0d3760 Uncommon trap: trap_request=0xffffffde fr.pc=0x00000190a050cb60 relative=0x0000000000000380
Event: 1.053 Thread 0x00000190bb0d3760 Uncommon trap: reason=class_check action=maybe_recompile pc=0x00000190a050cb60 method=java.io.DataInputStream.readByte()B @ 4 c2
Event: 1.053 Thread 0x00000190bb0d3760 DEOPT PACKING pc=0x00000190a050cb60 sp=0x0000007fec9fe250
Event: 1.053 Thread 0x00000190bb0d3760 DEOPT UNPACKING pc=0x000001909fdd6da3 sp=0x0000007fec9fe218 mode 2

Classes loaded (20 events):
Event: 1.048 Loading class sun/util/resources/cldr/TimeZoneNames_en_US
Event: 1.048 Loading class sun/util/resources/cldr/TimeZoneNames_en_US done
Event: 1.049 Loading class java/time/zone/ZoneRulesProvider
Event: 1.049 Loading class java/time/zone/ZoneRulesProvider done
Event: 1.049 Loading class java/time/zone/ZoneRulesProvider$1
Event: 1.050 Loading class java/time/zone/ZoneRulesProvider$1 done
Event: 1.050 Loading class java/time/zone/TzdbZoneRulesProvider
Event: 1.050 Loading class java/time/zone/TzdbZoneRulesProvider done
Event: 1.053 Loading class java/time/zone/Ser
Event: 1.053 Loading class java/io/Externalizable
Event: 1.053 Loading class java/io/Externalizable done
Event: 1.053 Loading class java/time/zone/Ser done
Event: 1.053 Loading class java/time/zone/ZoneOffsetTransition
Event: 1.053 Loading class java/time/zone/ZoneOffsetTransition done
Event: 1.055 Loading class sun/util/cldr/CLDRBaseLocaleDataMetaInfo$TZCanonicalIDMapHolder
Event: 1.055 Loading class sun/util/cldr/CLDRBaseLocaleDataMetaInfo$TZCanonicalIDMapHolder done
Event: 1.056 Loading class sun/util/resources/TimeZoneNames
Event: 1.057 Loading class sun/util/resources/TimeZoneNames done
Event: 1.057 Loading class sun/util/resources/TimeZoneNames_en
Event: 1.057 Loading class sun/util/resources/TimeZoneNames_en done

Classes unloaded (0 events):
No events

Classes redefined (0 events):
No events

Internal exceptions (20 events):
Event: 0.115 Thread 0x00000190bfe00a70 Exception <a 'java/lang/ClassNotFoundException'{0x00000006600047d8}: jdk/net/ExtendedSocketOptions> (0x00000006600047d8) 
thrown [s\src\hotspot\share\classfile\systemDictionary.cpp, line 255]
Event: 0.116 Thread 0x00000190bfe00a70 Exception <a 'java/lang/NoSuchMethodError'{0x0000000660006188}: 'void java.lang.invoke.DirectMethodHandle$Holder.invokeStatic(java.lang.Object, java.lang.Object)'> (0x0000000660006188) 
thrown [s\src\hotspot\share\interpreter\linkResolver.cpp, line 774]
Event: 0.138 Thread 0x00000190bfd3d5b0 Exception <a 'sun/nio/fs/WindowsException'{0x00000006600d9700}> (0x00000006600d9700) 
thrown [s\src\hotspot\share\prims\jni.cpp, line 517]
Event: 0.141 Thread 0x00000190bfd3d5b0 Exception <a 'java/lang/ClassNotFoundException'{0x00000006600df4d0}: sun/awt/resources/spi/awtProvider> (0x00000006600df4d0) 
thrown [s\src\hotspot\share\classfile\systemDictionary.cpp, line 255]
Event: 0.159 Thread 0x00000190bfd3d5b0 Exception <a 'java/io/FileNotFoundException'{0x0000000660133758}> (0x0000000660133758) 
thrown [s\src\hotspot\share\prims\jni.cpp, line 517]
Event: 0.165 Thread 0x00000190bfd3d5b0 Exception <a 'java/io/FileNotFoundException'{0x00000006601c6440}> (0x00000006601c6440) 
thrown [s\src\hotspot\share\prims\jni.cpp, line 517]
Event: 0.197 Thread 0x000001909073be20 Exception <a 'java/lang/NoSuchMethodError'{0x00000006600ae538}: 'java.lang.Object java.lang.invoke.DirectMethodHandle$Holder.invokeStaticInit(java.lang.Object)'> (0x00000006600ae538) 
thrown [s\src\hotspot\share\interpreter\linkResolver.cpp, line 774]
Event: 0.381 Thread 0x000001909073be20 Exception <a 'java/lang/NoSuchMethodError'{0x0000000660300900}: 'void java.lang.invoke.DirectMethodHandle$Holder.invokeSpecial(java.lang.Object, java.lang.Object, java.lang.Object)'> (0x0000000660300900) 
thrown [s\src\hotspot\share\interpreter\linkResolver.cpp, line 774]
Event: 0.388 Thread 0x000001909073be20 Exception <a 'java/lang/NoSuchMethodError'{0x000000066032b110}: 'java.lang.Object java.lang.invoke.DirectMethodHandle$Holder.newInvokeSpecial(java.lang.Object, java.lang.Object, java.lang.Object, java.lang.Object, java.lang.Object)'> (0x000000066032b110) 
thrown [s\src\hotspot\share\interpreter\linkResolver.cpp, line 774]
Event: 0.393 Thread 0x000001909073be20 Exception <a 'java/lang/NoSuchMethodError'{0x000000066035c838}: 'java.lang.Object java.lang.invoke.DirectMethodHandle$Holder.invokeStatic(java.lang.Object, int, java.lang.Object)'> (0x000000066035c838) 
thrown [s\src\hotspot\share\interpreter\linkResolver.cpp, line 774]
Event: 0.419 Thread 0x000001909073be20 Exception <a 'java/lang/ClassNotFoundException'{0x000000065fc18388}: com/sun/swing/internal/plaf/metal/resources/spi/metalProvider> (0x000000065fc18388) 
thrown [s\src\hotspot\share\classfile\systemDictionary.cpp, line 255]
Event: 0.420 Thread 0x000001909073be20 Exception <a 'java/lang/ClassNotFoundException'{0x000000065fc1d010}: com/sun/swing/internal/plaf/basic/resources/spi/basicProvider> (0x000000065fc1d010) 
thrown [s\src\hotspot\share\classfile\systemDictionary.cpp, line 255]
Event: 0.430 Thread 0x00000190bfd3d5b0 Exception <a 'java/lang/NoSuchMethodError'{0x00000006601e74d0}: 'int java.lang.invoke.Invokers$Holder.invokeExact_MT(java.lang.Object, java.lang.Object)'> (0x00000006601e74d0) 
thrown [s\src\hotspot\share\interpreter\linkResolver.cpp, line 774]
Event: 0.444 Thread 0x00000190d0245c30 Exception <a 'java/lang/NoSuchMethodError'{0x000000065fc85d48}: 'java.lang.Object java.lang.invoke.DirectMethodHandle$Holder.newInvokeSpecial(java.lang.Object, java.lang.Object, java.lang.Object, int, int, int, int, int)'> (0x000000065fc85d48) 
thrown [s\src\hotspot\share\interpreter\linkResolver.cpp, line 774]
Event: 0.472 Thread 0x00000190bfd3d5b0 Exception <a 'java/lang/NoSuchMethodError'{0x000000065fd60e30}: 'void java.lang.invoke.DirectMethodHandle$Holder.invokeStaticInit(java.lang.Object)'> (0x000000065fd60e30) 
thrown [s\src\hotspot\share\interpreter\linkResolver.cpp, line 774]
Event: 0.499 Thread 0x00000190bfd3d5b0 Exception <a 'sun/nio/fs/WindowsException'{0x000000065fe20320}> (0x000000065fe20320) 
thrown [s\src\hotspot\share\prims\jni.cpp, line 517]
Event: 0.708 Thread 0x000001909073be20 Exception <a 'sun/nio/fs/WindowsException'{0x000000065f886d08}> (0x000000065f886d08) 
thrown [s\src\hotspot\share\prims\jni.cpp, line 517]
Event: 0.726 Thread 0x000001909073be20 Exception <a 'java/lang/ArrayIndexOutOfBoundsException'{0x000000065f8c5c78}: Index 0 out of bounds for length 0> (0x000000065f8c5c78) 
thrown [s\src\hotspot\share\interpreter\interpreterRuntime.cpp, line 432]
Event: 1.053 Thread 0x00000190bb0d3760 Exception <a 'sun/nio/fs/WindowsException'{0x000000065f9cb990}> (0x000000065f9cb990) 
thrown [s\src\hotspot\share\prims\jni.cpp, line 517]
Event: 1.059 Thread 0x00000190bb0d3760 Exception <a 'java/lang/NoSuchMethodError'{0x000000065f9fda70}: 'java.lang.Object java.lang.invoke.Invokers$Holder.invokeExact_MT(java.lang.Object, java.lang.Object, java.lang.Object, java.lang.Object, java.lang.Object, java.lang.Object)'> (0x000000065f9fda70) 
thrown [s\src\hotspot\share\interpreter\linkResolver.cpp, line 774]

VM Operations (20 events):
Event: 0.088 Executing VM operation: HandshakeAllThreads
Event: 0.088 Executing VM operation: HandshakeAllThreads done
Event: 0.113 Executing VM operation: HandshakeAllThreads
Event: 0.113 Executing VM operation: HandshakeAllThreads done
Event: 0.170 Executing VM operation: HandshakeAllThreads
Event: 0.170 Executing VM operation: HandshakeAllThreads done
Event: 0.373 Executing VM operation: HandshakeAllThreads
Event: 0.373 Executing VM operation: HandshakeAllThreads done
Event: 0.374 Executing VM operation: HandshakeAllThreads
Event: 0.374 Executing VM operation: HandshakeAllThreads done
Event: 0.438 Executing VM operation: HandshakeAllThreads
Event: 0.438 Executing VM operation: HandshakeAllThreads done
Event: 0.624 Executing VM operation: HandshakeAllThreads
Event: 0.624 Executing VM operation: HandshakeAllThreads done
Event: 0.653 Executing VM operation: HandshakeAllThreads
Event: 0.653 Executing VM operation: HandshakeAllThreads done
Event: 0.669 Executing VM operation: ICBufferFull
Event: 0.670 Executing VM operation: ICBufferFull done
Event: 1.046 Executing VM operation: HandshakeAllThreads
Event: 1.046 Executing VM operation: HandshakeAllThreads done

Events (20 events):
Event: 0.030 Thread 0x00000190bb0d80b0 Thread added: 0x00000190bb0d80b0
Event: 0.030 Thread 0x00000190bb0da9f0 Thread added: 0x00000190bb0da9f0
Event: 0.031 Thread 0x00000190bfc09e40 Thread added: 0x00000190bfc09e40
Event: 0.031 Thread 0x00000190bfc2c7d0 Thread added: 0x00000190bfc2c7d0
Event: 0.031 Thread 0x00000190bfc41920 Thread added: 0x00000190bfc41920
Event: 0.048 Thread 0x00000190bfd2cbf0 Thread added: 0x00000190bfd2cbf0
Event: 0.074 Thread 0x00000190bfd47030 Thread added: 0x00000190bfd47030
Event: 0.111 Thread 0x00000190bfe00a70 Thread added: 0x00000190bfe00a70
Event: 0.111 Thread 0x00000190bfe02fc0 Thread added: 0x00000190bfe02fc0
Event: 0.123 Thread 0x00000190bfdf79c0 Thread added: 0x00000190bfdf79c0
Event: 0.126 Thread 0x00000190bfd3d5b0 Thread added: 0x00000190bfd3d5b0
Event: 0.198 Thread 0x00000190c0012f60 Thread added: 0x00000190c0012f60
Event: 0.199 Thread 0x00000190c0018c00 Thread added: 0x00000190c0018c00
Event: 0.200 Thread 0x00000190c00220a0 Thread added: 0x00000190c00220a0
Event: 0.438 Thread 0x00000190d0245c30 Thread added: 0x00000190d0245c30
Event: 0.445 Thread 0x00000190d0274670 Thread added: 0x00000190d0274670
Event: 0.575 Thread 0x00000190d02f26e0 Thread added: 0x00000190d02f26e0
Event: 0.576 Thread 0x00000190d02f3180 Thread added: 0x00000190d02f3180
Event: 0.726 Thread 0x000001909073be20 Thread exited: 0x000001909073be20
Event: 0.726 Thread 0x00000190d02f3c20 Thread added: 0x00000190d02f3c20


Dynamic libraries:
0x00007ff7bf8d0000 - 0x00007ff7bf8dd000 	C:\Users\sofia\.jdks\corretto-19.0.2\bin\java.exe
0x00007ff849970000 - 0x00007ff849b87000 	C:\Windows\SYSTEM32\ntdll.dll
0x00007ff848920000 - 0x00007ff8489e4000 	C:\Windows\System32\KERNEL32.DLL
0x00007ff846d60000 - 0x00007ff847107000 	C:\Windows\System32\KERNELBASE.dll
0x00007ff847200000 - 0x00007ff847311000 	C:\Windows\System32\ucrtbase.dll
0x00007ff8435c0000 - 0x00007ff8435d5000 	C:\Users\sofia\.jdks\corretto-19.0.2\bin\VCRUNTIME140.dll
0x00007ff8435f0000 - 0x00007ff843607000 	C:\Users\sofia\.jdks\corretto-19.0.2\bin\jli.dll
0x00007ff849120000 - 0x00007ff8492ce000 	C:\Windows\System32\USER32.dll
0x00007ff8471d0000 - 0x00007ff8471f6000 	C:\Windows\System32\win32u.dll
0x00007ff831d60000 - 0x00007ff831ff3000 	C:\Windows\WinSxS\amd64_microsoft.windows.common-controls_6595b64144ccf1df_6.0.22621.3527_none_270e469b73872a76\COMCTL32.dll
0x00007ff848480000 - 0x00007ff848527000 	C:\Windows\System32\msvcrt.dll
0x00007ff8488f0000 - 0x00007ff848919000 	C:\Windows\System32\GDI32.dll
0x00007ff847580000 - 0x00007ff847699000 	C:\Windows\System32\gdi32full.dll
0x00007ff846c90000 - 0x00007ff846d2a000 	C:\Windows\System32\msvcp_win.dll
0x00007ff849810000 - 0x00007ff849841000 	C:\Windows\System32\IMM32.DLL
0x00007ff82b5c0000 - 0x00007ff82b65b000 	C:\Users\sofia\.jdks\corretto-19.0.2\bin\msvcp140.dll
0x00007ff803ec0000 - 0x00007ff804b99000 	C:\Users\sofia\.jdks\corretto-19.0.2\bin\server\jvm.dll
0x00007ff849750000 - 0x00007ff849802000 	C:\Windows\System32\ADVAPI32.dll
0x00007ff848b80000 - 0x00007ff848c28000 	C:\Windows\System32\sechost.dll
0x00007ff846d30000 - 0x00007ff846d58000 	C:\Windows\System32\bcrypt.dll
0x00007ff848350000 - 0x00007ff848465000 	C:\Windows\System32\RPCRT4.dll
0x00007ff843590000 - 0x00007ff843599000 	C:\Windows\SYSTEM32\WSOCK32.dll
0x00007ff83d610000 - 0x00007ff83d644000 	C:\Windows\SYSTEM32\WINMM.dll
0x00007ff83e2c0000 - 0x00007ff83e2ca000 	C:\Windows\SYSTEM32\VERSION.dll
0x00007ff847860000 - 0x00007ff8478d1000 	C:\Windows\System32\WS2_32.dll
0x00007ff845cb0000 - 0x00007ff845cc8000 	C:\Windows\SYSTEM32\kernel.appcore.dll
0x00007ff8435b0000 - 0x00007ff8435ba000 	C:\Users\sofia\.jdks\corretto-19.0.2\bin\jimage.dll
0x00007ff840d10000 - 0x00007ff840f42000 	C:\Windows\SYSTEM32\DBGHELP.DLL
0x00007ff848d90000 - 0x00007ff849118000 	C:\Windows\System32\combase.dll
0x00007ff849850000 - 0x00007ff849927000 	C:\Windows\System32\OLEAUT32.dll
0x00007ff83d5c0000 - 0x00007ff83d5f2000 	C:\Windows\SYSTEM32\dbgcore.DLL
0x00007ff847500000 - 0x00007ff847579000 	C:\Windows\System32\bcryptPrimitives.dll
0x00007ff842010000 - 0x00007ff84201e000 	C:\Users\sofia\.jdks\corretto-19.0.2\bin\instrument.dll
0x00007ff8341d0000 - 0x00007ff8341f6000 	C:\Users\sofia\.jdks\corretto-19.0.2\bin\java.dll
0x00007ff829430000 - 0x00007ff829506000 	C:\Users\sofia\.jdks\corretto-19.0.2\bin\jsvml.dll
0x00007ff847990000 - 0x00007ff8481ec000 	C:\Windows\System32\SHELL32.dll
0x00007ff844bd0000 - 0x00007ff8454c6000 	C:\Windows\SYSTEM32\windows.storage.dll
0x00007ff844a90000 - 0x00007ff844bce000 	C:\Windows\SYSTEM32\wintypes.dll
0x00007ff8487e0000 - 0x00007ff8488d5000 	C:\Windows\System32\SHCORE.dll
0x00007ff848530000 - 0x00007ff84858e000 	C:\Windows\System32\shlwapi.dll
0x00007ff846bc0000 - 0x00007ff846be1000 	C:\Windows\SYSTEM32\profapi.dll
0x00007ff835870000 - 0x00007ff835883000 	C:\Users\sofia\.jdks\corretto-19.0.2\bin\net.dll
0x00007ff8408e0000 - 0x00007ff840a16000 	C:\Windows\SYSTEM32\WINHTTP.dll
0x00007ff846120000 - 0x00007ff846189000 	C:\Windows\system32\mswsock.dll
0x00007ff8341b0000 - 0x00007ff8341c5000 	C:\Users\sofia\.jdks\corretto-19.0.2\bin\nio.dll
0x00007ff834080000 - 0x00007ff834098000 	C:\Users\sofia\.jdks\corretto-19.0.2\bin\zip.dll
0x00007ff830240000 - 0x00007ff83025a000 	C:\Program Files\JetBrains\IntelliJ IDEA 2024.1.1\bin\breakgen64.dll
0x00007ffff3880000 - 0x00007ffff3a29000 	C:\Users\sofia\.jdks\corretto-19.0.2\bin\awt.dll
0x00007ff844000000 - 0x00007ff844097000 	C:\Windows\SYSTEM32\apphelp.dll
0x00007ff844420000 - 0x00007ff84444b000 	C:\Windows\system32\DWMAPI.DLL
0x00007ff844170000 - 0x00007ff84421b000 	C:\Windows\system32\uxtheme.dll
0x00007fffde150000 - 0x00007fffde250000 	C:\Windows\system32\opengl32.dll
0x00007fffddca0000 - 0x00007fffddccd000 	C:\Windows\SYSTEM32\GLU32.dll
0x00007ff8442b0000 - 0x00007ff8442e9000 	C:\Windows\SYSTEM32\dxcore.dll
0x00007ff829210000 - 0x00007ff829343000 	C:\ProgramData\A-Volute\A-Volute.Nahimic\Modules\Scheduled\x64\AudioDevProps2.dll
0x00007ff8476b0000 - 0x00007ff847855000 	C:\Windows\System32\ole32.dll
0x00007ff8481f0000 - 0x00007ff848343000 	C:\Windows\System32\MSCTF.dll
0x00007ff831210000 - 0x00007ff8313b9000 	C:\Windows\system32\d3d9.dll
0x00007ff83d760000 - 0x00007ff83d91b000 	C:\Windows\System32\DriverStore\FileRepository\u0403015.inf_amd64_b150effe15b9accd\B395243\aticfx64.dll
0x00007fff7d660000 - 0x00007fff80523000 	C:\Windows\System32\DriverStore\FileRepository\u0403015.inf_amd64_b150effe15b9accd\B395243\amdxn64.dll
0x00007ff8492d0000 - 0x00007ff849744000 	C:\Windows\System32\SETUPAPI.dll
0x00007ff8442f0000 - 0x00007ff8443e7000 	C:\Windows\SYSTEM32\dxgi.dll
0x00007ff8361d0000 - 0x00007ff836205000 	C:\Windows\SYSTEM32\amdihk64.dll
0x00007ff8403c0000 - 0x00007ff84040a000 	C:\Windows\SYSTEM32\directxdatabasehelper.dll
0x00007ff8168a0000 - 0x00007ff816923000 	C:\Users\sofia\.jdks\corretto-19.0.2\bin\freetype.dll
0x00007ff805040000 - 0x00007ff805103000 	C:\Users\sofia\.jdks\corretto-19.0.2\bin\fontmanager.dll
0x00007ff817a20000 - 0x00007ff817b6b000 	C:\Windows\SYSTEM32\textinputframework.dll
0x00007ff843d00000 - 0x00007ff843e33000 	C:\Windows\SYSTEM32\CoreMessaging.dll
0x00007ff83fbb0000 - 0x00007ff83ff1c000 	C:\Windows\SYSTEM32\CoreUIComponents.dll
0x00007ff846580000 - 0x00007ff84658c000 	C:\Windows\SYSTEM32\CRYPTBASE.DLL

dbghelp: loaded successfully - version: 4.0.5 - missing functions: none
symbol engine: initialized successfully - sym options: 0x614 - pdb path: .;C:\Users\sofia\.jdks\corretto-19.0.2\bin;C:\Windows\SYSTEM32;C:\Windows\WinSxS\amd64_microsoft.windows.common-controls_6595b64144ccf1df_6.0.22621.3527_none_270e469b73872a76;C:\Users\sofia\.jdks\corretto-19.0.2\bin\server;C:\Program Files\JetBrains\IntelliJ IDEA 2024.1.1\bin;C:\ProgramData\A-Volute\A-Volute.Nahimic\Modules\Scheduled\x64;C:\Windows\System32\DriverStore\FileRepository\u0403015.inf_amd64_b150effe15b9accd\B395243

VM Arguments:
jvm_args: -javaagent:C:\Program Files\JetBrains\IntelliJ IDEA 2024.1.1\lib\idea_rt.jar=59545:C:\Program Files\JetBrains\IntelliJ IDEA 2024.1.1\bin -Dfile.encoding=UTF-8 -Dsun.stdout.encoding=UTF-8 -Dsun.stderr.encoding=UTF-8 --module-path=C:\Users\sofia\OneDrive\Desktop\Progra3\Grupo8\Grupo12---Sofia-Palladino\target\classes -Djdk.module.main=pruebaTP 
java_command: pruebaTP/org.simulacion.Simulacion
java_class_path (initial): <not set>
Launcher Type: SUN_STANDARD

[Global flags]
     intx CICompilerCount                          = 12                                        {product} {ergonomic}
     uint ConcGCThreads                            = 3                                         {product} {ergonomic}
     uint G1ConcRefinementThreads                  = 13                                        {product} {ergonomic}
   size_t G1HeapRegionSize                         = 4194304                                   {product} {ergonomic}
    uintx GCDrainStackTargetSize                   = 64                                        {product} {ergonomic}
   size_t InitialHeapSize                          = 465567744                                 {product} {ergonomic}
   size_t MarkStackSize                            = 4194304                                   {product} {ergonomic}
   size_t MaxHeapSize                              = 7436500992                                {product} {ergonomic}
   size_t MaxNewSize                               = 4458545152                                {product} {ergonomic}
   size_t MinHeapDeltaBytes                        = 4194304                                   {product} {ergonomic}
   size_t MinHeapSize                              = 8388608                                   {product} {ergonomic}
    uintx NonNMethodCodeHeapSize                   = 7602480                                {pd product} {ergonomic}
    uintx NonProfiledCodeHeapSize                  = 122027880                              {pd product} {ergonomic}
    uintx ProfiledCodeHeapSize                     = 122027880                              {pd product} {ergonomic}
    uintx ReservedCodeCacheSize                    = 251658240                              {pd product} {ergonomic}
     bool SegmentedCodeCache                       = true                                      {product} {ergonomic}
   size_t SoftMaxHeapSize                          = 7436500992                             {manageable} {ergonomic}
     bool UseCompressedClassPointers               = true                           {product lp64_product} {ergonomic}
     bool UseCompressedOops                        = true                           {product lp64_product} {ergonomic}
     bool UseG1GC                                  = true                                      {product} {ergonomic}
     bool UseLargePagesIndividualAllocation        = false                                  {pd product} {ergonomic}

Logging:
Log output configuration:
 #0: stdout all=warning uptime,level,tags foldmultilines=false
 #1: stderr all=off uptime,level,tags foldmultilines=false

Environment Variables:
PATH=C:\Windows\system32;C:\Windows;C:\Windows\System32\Wbem;C:\Windows\System32\WindowsPowerShell\v1.0\;C:\Windows\System32\OpenSSH\;C:\Program Files (x86)\NVIDIA Corporation\PhysX\Common;C:\Program Files\NVIDIA Corporation\NVIDIA NvDLISR;C:\Program Files\Git\cmd;C:\Users\sofia\AppData\Local\Microsoft\WindowsApps;C:\Users\sofia\AppData\Local\GitHubDesktop\bin;C:\Program Files\JetBrains\IntelliJ IDEA Community Edition 2024.1.1\bin;;C:\Program Files\JetBrains\IntelliJ IDEA 2024.1.1\bin;;C:\Users\sofia\AppData\Local\Programs\Microsoft VS Code\bin
USERNAME=sofia
OS=Windows_NT
PROCESSOR_IDENTIFIER=AMD64 Family 25 Model 68 Stepping 1, AuthenticAMD
TMP=C:\Users\sofia\AppData\Local\Temp
TEMP=C:\Users\sofia\AppData\Local\Temp



---------------  S Y S T E M  ---------------

OS:
 Windows 11 , 64 bit Build 22621 (10.0.22621.3527)
OS uptime: 1 days 22:07 hours

CPU: total 16 (initial active 16) (16 cores per cpu, 2 threads per core) family 25 model 68 stepping 1 microcode 0x0, cx8, cmov, fxsr, ht, mmx, 3dnowpref, sse, sse2, sse3, ssse3, sse4a, sse4.1, sse4.2, popcnt, lzcnt, tsc, tscinvbit, avx, avx2, aes, erms, clmul, bmi1, bmi2, adx, sha, fma, vzeroupper, clflush, clflushopt, rdtscp, rdpid, fsrm

Memory: 4k page, system-wide physical 28357M (6872M free)
TotalPageFile size 89120M (AvailPageFile size 5M)
current process WorkingSet (physical memory assigned to process): 113M, peak: 113M
current process commit charge ("private bytes"): 632M, peak: 633M

vm_info: OpenJDK 64-Bit Server VM (19.0.2+7-FR) for windows-amd64 JRE (19.0.2+7-FR), built on Jan 13 2023 22:53:32 by "Administrator" with MS VC++ 15.9 (VS2017)

END.
